<?xml version="1.0" encoding="UTF-8"?>
<!-- Generated by org.testng.reporters.JUnitReportReporter -->
<testsuite hostname="mindc1d330" failures="0" tests="1" name="test.TermsAndConditionsTest" time="4.084" errors="0" timestamp="2022-06-08T09:58:52 IST" skipped="0">
  <testcase classname="test.TermsAndConditionsTest" name="test" time="4.084"/>
  <system-out/>
</testsuite> <!-- test.TermsAndConditionsTest -->
